{"emailAddress":"abc@gmail.com","firstName":"John","lastName":"Doe","level":"info","message":"Starting form fill","timestamp":"2025-07-19T06:36:20.896Z"}
{"level":"error","message":"Form fill failed locator.click: Test timeout of 30000ms exceeded.\nCall log:\n\u001b[2m  - waiting for locator('#exampleCheck1')\u001b[22m\n\u001b[2m    - locator resolved to <input disabled type=\"checkbox\" id=\"exampleCheck1\" class=\"form-check-input\"/>\u001b[22m\n\u001b[2m  - attempting click action\u001b[22m\n\u001b[2m    2 × waiting for element to be visible, enabled and stable\u001b[22m\n\u001b[2m      - element is not enabled\u001b[22m\n\u001b[2m    - retrying click action\u001b[22m\n\u001b[2m    - waiting 20ms\u001b[22m\n\u001b[2m    2 × waiting for element to be visible, enabled and stable\u001b[22m\n\u001b[2m      - element is not enabled\u001b[22m\n\u001b[2m    - retrying click action\u001b[22m\n\u001b[2m      - waiting 100ms\u001b[22m\n\u001b[2m    47 × waiting for element to be visible, enabled and stable\u001b[22m\n\u001b[2m       - element is not enabled\u001b[22m\n\u001b[2m     - retrying click action\u001b[22m\n\u001b[2m       - waiting 500ms\u001b[22m\n","name":"Error","stack":"locator.click: Test timeout of 30000ms exceeded.\nCall log:\n\u001b[2m  - waiting for locator('#exampleCheck1')\u001b[22m\n\u001b[2m    - locator resolved to <input disabled type=\"checkbox\" id=\"exampleCheck1\" class=\"form-check-input\"/>\u001b[22m\n\u001b[2m  - attempting click action\u001b[22m\n\u001b[2m    2 × waiting for element to be visible, enabled and stable\u001b[22m\n\u001b[2m      - element is not enabled\u001b[22m\n\u001b[2m    - retrying click action\u001b[22m\n\u001b[2m    - waiting 20ms\u001b[22m\n\u001b[2m    2 × waiting for element to be visible, enabled and stable\u001b[22m\n\u001b[2m      - element is not enabled\u001b[22m\n\u001b[2m    - retrying click action\u001b[22m\n\u001b[2m      - waiting 100ms\u001b[22m\n\u001b[2m    47 × waiting for element to be visible, enabled and stable\u001b[22m\n\u001b[2m       - element is not enabled\u001b[22m\n\u001b[2m     - retrying click action\u001b[22m\n\u001b[2m       - waiting 500ms\u001b[22m\n\n    at SpotTheBugPage.clickOnElement (C:\\Users\\JPSS\\QA-Practice-Playwright\\QA-Practice-Playwright\\pages\\helperBase.ts:18:30)\n    at SpotTheBugPage.agreeToTerms (C:\\Users\\JPSS\\QA-Practice-Playwright\\QA-Practice-Playwright\\pages\\spotTheBugPage.ts:83:20)\n    at SpotTheBugPage.fillForm (C:\\Users\\JPSS\\QA-Practice-Playwright\\QA-Practice-Playwright\\pages\\spotTheBugPage.ts:147:20)\n    at C:\\Users\\JPSS\\QA-Practice-Playwright\\QA-Practice-Playwright\\tests\\spotTheBugPageValidationTest.spec.ts:41:17","timestamp":"2025-07-19T06:36:46.586Z"}
{"emailAddress":"abc@gmail.com","firstName":"","lastName":"Doe","level":"info","message":"Starting form fill","timestamp":"2025-07-19T06:36:52.781Z"}
{"level":"info","message":"Form submission completed","timestamp":"2025-07-19T06:36:53.471Z"}
{"level":"info","message":"Starting success message validation","timestamp":"2025-07-19T06:36:53.473Z"}
{"level":"info","message":"All validations passed","timestamp":"2025-07-19T06:36:53.474Z"}
{"emailAddress":"abc@gmail.com","firstName":"Allen","lastName":"Doe","level":"info","message":"Starting form fill","timestamp":"2025-07-19T06:36:56.177Z"}
{"level":"info","message":"Form submission completed","timestamp":"2025-07-19T06:36:56.879Z"}
{"level":"info","message":"Starting success message validation","timestamp":"2025-07-19T06:36:56.880Z"}
{"emailAddress":"abc@gmail.com","firstName":"Allen","lastName":"Doe","level":"info","message":"Starting form fill","timestamp":"2025-07-19T06:36:59.529Z"}
{"level":"info","message":"Form submission completed","timestamp":"2025-07-19T06:37:00.197Z"}
{"level":"info","message":"Starting success message validation","timestamp":"2025-07-19T06:37:00.199Z"}
{"level":"info","message":"All validations passed","timestamp":"2025-07-19T06:37:00.199Z"}
{"emailAddress":"abc@gmail.com","firstName":"","lastName":"Doe","level":"info","message":"Starting form fill","timestamp":"2025-07-19T11:02:01.240Z"}
{"emailAddress":"abc@gmail.com","firstName":"John","lastName":"Doe","level":"info","message":"Starting form fill","timestamp":"2025-07-19T11:02:01.565Z"}
{"level":"info","message":"Form submission completed","timestamp":"2025-07-19T11:02:02.293Z"}
{"level":"info","message":"Starting success message validation","timestamp":"2025-07-19T11:02:02.294Z"}
{"level":"info","message":"All validations passed","timestamp":"2025-07-19T11:02:02.296Z"}
{"emailAddress":"abc@gmail.com","firstName":"Allen","lastName":"Doe","level":"info","message":"Starting form fill","timestamp":"2025-07-19T11:02:06.304Z"}
{"level":"info","message":"Form submission completed","timestamp":"2025-07-19T11:02:07.018Z"}
{"level":"info","message":"Starting success message validation","timestamp":"2025-07-19T11:02:07.019Z"}
{"emailAddress":"abc@gmail.com","firstName":"Allen","lastName":"Doe","level":"info","message":"Starting form fill","timestamp":"2025-07-19T11:02:07.319Z"}
{"level":"info","message":"Form submission completed","timestamp":"2025-07-19T11:02:08.095Z"}
{"level":"info","message":"Starting success message validation","timestamp":"2025-07-19T11:02:08.097Z"}
{"level":"info","message":"All validations passed","timestamp":"2025-07-19T11:02:08.097Z"}
{"level":"error","message":"Form fill failed locator.click: Test timeout of 30000ms exceeded.\nCall log:\n\u001b[2m  - waiting for locator('#exampleCheck1')\u001b[22m\n\u001b[2m    - locator resolved to <input disabled type=\"checkbox\" id=\"exampleCheck1\" class=\"form-check-input\"/>\u001b[22m\n\u001b[2m  - attempting click action\u001b[22m\n\u001b[2m    2 × waiting for element to be visible, enabled and stable\u001b[22m\n\u001b[2m      - element is not enabled\u001b[22m\n\u001b[2m    - retrying click action\u001b[22m\n\u001b[2m    - waiting 20ms\u001b[22m\n\u001b[2m    2 × waiting for element to be visible, enabled and stable\u001b[22m\n\u001b[2m      - element is not enabled\u001b[22m\n\u001b[2m    - retrying click action\u001b[22m\n\u001b[2m      - waiting 100ms\u001b[22m\n\u001b[2m    32 × waiting for element to be visible, enabled and stable\u001b[22m\n\u001b[2m       - element is not enabled\u001b[22m\n\u001b[2m     - retrying click action\u001b[22m\n\u001b[2m       - waiting 500ms\u001b[22m\n","stack":"locator.click: Test timeout of 30000ms exceeded.\nCall log:\n\u001b[2m  - waiting for locator('#exampleCheck1')\u001b[22m\n\u001b[2m    - locator resolved to <input disabled type=\"checkbox\" id=\"exampleCheck1\" class=\"form-check-input\"/>\u001b[22m\n\u001b[2m  - attempting click action\u001b[22m\n\u001b[2m    2 × waiting for element to be visible, enabled and stable\u001b[22m\n\u001b[2m      - element is not enabled\u001b[22m\n\u001b[2m    - retrying click action\u001b[22m\n\u001b[2m    - waiting 20ms\u001b[22m\n\u001b[2m    2 × waiting for element to be visible, enabled and stable\u001b[22m\n\u001b[2m      - element is not enabled\u001b[22m\n\u001b[2m    - retrying click action\u001b[22m\n\u001b[2m      - waiting 100ms\u001b[22m\n\u001b[2m    32 × waiting for element to be visible, enabled and stable\u001b[22m\n\u001b[2m       - element is not enabled\u001b[22m\n\u001b[2m     - retrying click action\u001b[22m\n\u001b[2m       - waiting 500ms\u001b[22m\n\n    at SpotTheBugPage.clickOnElement (C:\\Users\\JPSS\\QA-Practice-Playwright\\QA-Practice-Playwright\\pages\\helperBase.ts:18:30)\n    at SpotTheBugPage.agreeToTerms (C:\\Users\\JPSS\\QA-Practice-Playwright\\QA-Practice-Playwright\\pages\\spotTheBugPage.ts:83:20)\n    at SpotTheBugPage.fillForm (C:\\Users\\JPSS\\QA-Practice-Playwright\\QA-Practice-Playwright\\pages\\spotTheBugPage.ts:147:20)\n    at C:\\Users\\JPSS\\QA-Practice-Playwright\\QA-Practice-Playwright\\tests\\spotTheBugPageValidationTest.spec.ts:41:17","timestamp":"2025-07-19T11:02:19.293Z"}
{"emailAddress":"abc@gmail.com","firstName":"John","lastName":"Doe","level":"info","message":"Starting form fill","timestamp":"2025-07-19T11:08:26.397Z"}
{"emailAddress":"abc@gmail.com","firstName":"","lastName":"Doe","level":"info","message":"Starting form fill","timestamp":"2025-07-19T11:08:26.841Z"}
{"level":"info","message":"Form submission completed","timestamp":"2025-07-19T11:08:28.016Z"}
{"level":"info","message":"Starting success message validation","timestamp":"2025-07-19T11:08:28.017Z"}
{"level":"info","message":"All validations passed","timestamp":"2025-07-19T11:08:28.018Z"}
{"emailAddress":"abc@gmail.com","firstName":"Allen","lastName":"Doe","level":"info","message":"Starting form fill","timestamp":"2025-07-19T11:08:29.421Z"}
{"level":"info","message":"Form submission completed","timestamp":"2025-07-19T11:08:30.479Z"}
{"level":"info","message":"Starting success message validation","timestamp":"2025-07-19T11:08:30.481Z"}
{"emailAddress":"abc@gmail.com","firstName":"Allen","lastName":"Doe","level":"info","message":"Starting form fill","timestamp":"2025-07-19T11:08:31.154Z"}
{"level":"info","message":"Form submission completed","timestamp":"2025-07-19T11:08:32.041Z"}
{"level":"info","message":"Starting success message validation","timestamp":"2025-07-19T11:08:32.042Z"}
{"level":"info","message":"All validations passed","timestamp":"2025-07-19T11:08:32.043Z"}
{"level":"error","message":"Form fill failed locator.click: Test timeout of 30000ms exceeded.\nCall log:\n\u001b[2m  - waiting for locator('#exampleCheck1')\u001b[22m\n\u001b[2m    - locator resolved to <input disabled type=\"checkbox\" id=\"exampleCheck1\" class=\"form-check-input\"/>\u001b[22m\n\u001b[2m  - attempting click action\u001b[22m\n\u001b[2m    2 × waiting for element to be visible, enabled and stable\u001b[22m\n\u001b[2m      - element is not enabled\u001b[22m\n\u001b[2m    - retrying click action\u001b[22m\n\u001b[2m    - waiting 20ms\u001b[22m\n\u001b[2m    2 × waiting for element to be visible, enabled and stable\u001b[22m\n\u001b[2m      - element is not enabled\u001b[22m\n\u001b[2m    - retrying click action\u001b[22m\n\u001b[2m      - waiting 100ms\u001b[22m\n\u001b[2m    48 × waiting for element to be visible, enabled and stable\u001b[22m\n\u001b[2m       - element is not enabled\u001b[22m\n\u001b[2m     - retrying click action\u001b[22m\n\u001b[2m       - waiting 500ms\u001b[22m\n","stack":"locator.click: Test timeout of 30000ms exceeded.\nCall log:\n\u001b[2m  - waiting for locator('#exampleCheck1')\u001b[22m\n\u001b[2m    - locator resolved to <input disabled type=\"checkbox\" id=\"exampleCheck1\" class=\"form-check-input\"/>\u001b[22m\n\u001b[2m  - attempting click action\u001b[22m\n\u001b[2m    2 × waiting for element to be visible, enabled and stable\u001b[22m\n\u001b[2m      - element is not enabled\u001b[22m\n\u001b[2m    - retrying click action\u001b[22m\n\u001b[2m    - waiting 20ms\u001b[22m\n\u001b[2m    2 × waiting for element to be visible, enabled and stable\u001b[22m\n\u001b[2m      - element is not enabled\u001b[22m\n\u001b[2m    - retrying click action\u001b[22m\n\u001b[2m      - waiting 100ms\u001b[22m\n\u001b[2m    48 × waiting for element to be visible, enabled and stable\u001b[22m\n\u001b[2m       - element is not enabled\u001b[22m\n\u001b[2m     - retrying click action\u001b[22m\n\u001b[2m       - waiting 500ms\u001b[22m\n\n    at SpotTheBugPage.clickOnElement (C:\\Users\\JPSS\\QA-Practice-Playwright\\QA-Practice-Playwright\\pages\\helperBase.ts:18:30)\n    at SpotTheBugPage.agreeToTerms (C:\\Users\\JPSS\\QA-Practice-Playwright\\QA-Practice-Playwright\\pages\\spotTheBugPage.ts:83:20)\n    at SpotTheBugPage.fillForm (C:\\Users\\JPSS\\QA-Practice-Playwright\\QA-Practice-Playwright\\pages\\spotTheBugPage.ts:147:20)\n    at C:\\Users\\JPSS\\QA-Practice-Playwright\\QA-Practice-Playwright\\tests\\spotTheBugPageValidationTest.spec.ts:41:17","timestamp":"2025-07-19T11:08:52.580Z"}
{"emailAddress":"abc@gmail.com","firstName":"John","lastName":"Doe","level":"info","message":"Starting form fill","timestamp":"2025-07-19T11:42:40.150Z"}
{"emailAddress":"abc@gmail.com","firstName":"","lastName":"Doe","level":"info","message":"Starting form fill","timestamp":"2025-07-19T11:42:40.171Z"}
{"level":"info","message":"Form submission completed","timestamp":"2025-07-19T11:42:41.646Z"}
{"level":"info","message":"Starting success message validation","timestamp":"2025-07-19T11:42:41.648Z"}
{"level":"info","message":"All validations passed","timestamp":"2025-07-19T11:42:41.649Z"}
{"emailAddress":"abc@gmail.com","firstName":"Allen","lastName":"Doe","level":"info","message":"Starting form fill","timestamp":"2025-07-19T11:42:43.834Z"}
{"level":"info","message":"Form submission completed","timestamp":"2025-07-19T11:42:44.724Z"}
{"level":"info","message":"Starting success message validation","timestamp":"2025-07-19T11:42:44.725Z"}
{"emailAddress":"abc@gmail.com","firstName":"Allen","lastName":"Doe","level":"info","message":"Starting form fill","timestamp":"2025-07-19T11:42:45.017Z"}
{"level":"info","message":"Form submission completed","timestamp":"2025-07-19T11:42:45.739Z"}
{"level":"info","message":"Starting success message validation","timestamp":"2025-07-19T11:42:45.741Z"}
{"level":"info","message":"All validations passed","timestamp":"2025-07-19T11:42:45.742Z"}
{"emailAddress":"abc@gmail.com","firstName":"John","lastName":"Doe","level":"info","message":"Starting form fill","timestamp":"2025-07-19T11:43:02.624Z"}
{"level":"error","message":"Form fill failed locator.click: Test timeout of 30000ms exceeded.\nCall log:\n\u001b[2m  - waiting for locator('#exampleCheck1')\u001b[22m\n\u001b[2m    - locator resolved to <input disabled type=\"checkbox\" id=\"exampleCheck1\" class=\"form-check-input\"/>\u001b[22m\n\u001b[2m  - attempting click action\u001b[22m\n\u001b[2m    2 × waiting for element to be visible, enabled and stable\u001b[22m\n\u001b[2m      - element is not enabled\u001b[22m\n\u001b[2m    - retrying click action\u001b[22m\n\u001b[2m    - waiting 20ms\u001b[22m\n\u001b[2m    2 × waiting for element to be visible, enabled and stable\u001b[22m\n\u001b[2m      - element is not enabled\u001b[22m\n\u001b[2m    - retrying click action\u001b[22m\n\u001b[2m      - waiting 100ms\u001b[22m\n\u001b[2m    41 × waiting for element to be visible, enabled and stable\u001b[22m\n\u001b[2m       - element is not enabled\u001b[22m\n\u001b[2m     - retrying click action\u001b[22m\n\u001b[2m       - waiting 500ms\u001b[22m\n","stack":"locator.click: Test timeout of 30000ms exceeded.\nCall log:\n\u001b[2m  - waiting for locator('#exampleCheck1')\u001b[22m\n\u001b[2m    - locator resolved to <input disabled type=\"checkbox\" id=\"exampleCheck1\" class=\"form-check-input\"/>\u001b[22m\n\u001b[2m  - attempting click action\u001b[22m\n\u001b[2m    2 × waiting for element to be visible, enabled and stable\u001b[22m\n\u001b[2m      - element is not enabled\u001b[22m\n\u001b[2m    - retrying click action\u001b[22m\n\u001b[2m    - waiting 20ms\u001b[22m\n\u001b[2m    2 × waiting for element to be visible, enabled and stable\u001b[22m\n\u001b[2m      - element is not enabled\u001b[22m\n\u001b[2m    - retrying click action\u001b[22m\n\u001b[2m      - waiting 100ms\u001b[22m\n\u001b[2m    41 × waiting for element to be visible, enabled and stable\u001b[22m\n\u001b[2m       - element is not enabled\u001b[22m\n\u001b[2m     - retrying click action\u001b[22m\n\u001b[2m       - waiting 500ms\u001b[22m\n\n    at SpotTheBugPage.clickOnElement (C:\\Users\\JPSS\\QA-Practice-Playwright\\QA-Practice-Playwright\\pages\\helperBase.ts:18:30)\n    at SpotTheBugPage.agreeToTerms (C:\\Users\\JPSS\\QA-Practice-Playwright\\QA-Practice-Playwright\\pages\\spotTheBugPage.ts:83:20)\n    at SpotTheBugPage.fillForm (C:\\Users\\JPSS\\QA-Practice-Playwright\\QA-Practice-Playwright\\pages\\spotTheBugPage.ts:147:20)\n    at C:\\Users\\JPSS\\QA-Practice-Playwright\\QA-Practice-Playwright\\tests\\spotTheBugPageValidationTest.spec.ts:41:17","timestamp":"2025-07-19T11:43:03.437Z"}
{"emailAddress":"abc@gmail.com","firstName":"","lastName":"Doe","level":"info","message":"Starting form fill","timestamp":"2025-07-19T11:43:06.023Z"}
{"level":"info","message":"Form submission completed","timestamp":"2025-07-19T11:43:07.162Z"}
{"level":"info","message":"Starting success message validation","timestamp":"2025-07-19T11:43:07.163Z"}
{"level":"info","message":"All validations passed","timestamp":"2025-07-19T11:43:07.164Z"}
{"emailAddress":"abc@gmail.com","firstName":"Allen","lastName":"Doe","level":"info","message":"Starting form fill","timestamp":"2025-07-19T11:43:07.888Z"}
{"level":"info","message":"Form submission completed","timestamp":"2025-07-19T11:43:09.083Z"}
{"level":"info","message":"Starting success message validation","timestamp":"2025-07-19T11:43:09.084Z"}
{"emailAddress":"abc@gmail.com","firstName":"Allen","lastName":"Doe","level":"info","message":"Starting form fill","timestamp":"2025-07-19T11:43:18.935Z"}
{"level":"info","message":"Form submission completed","timestamp":"2025-07-19T11:43:20.242Z"}
{"level":"info","message":"Starting success message validation","timestamp":"2025-07-19T11:43:20.243Z"}
{"level":"info","message":"All validations passed","timestamp":"2025-07-19T11:43:20.244Z"}
{"emailAddress":"abc@gmail.com","firstName":"John","lastName":"Doe","level":"info","message":"Starting form fill","timestamp":"2025-07-19T11:43:23.082Z"}
{"level":"error","message":"Form fill failed locator.click: Test timeout of 30000ms exceeded.\nCall log:\n\u001b[2m  - waiting for locator('#exampleCheck1')\u001b[22m\n\u001b[2m    - locator resolved to <input disabled type=\"checkbox\" id=\"exampleCheck1\" class=\"form-check-input\"/>\u001b[22m\n\u001b[2m  - attempting click action\u001b[22m\n\u001b[2m    2 × waiting for element to be visible, enabled and stable\u001b[22m\n\u001b[2m      - element is not enabled\u001b[22m\n\u001b[2m    - retrying click action\u001b[22m\n\u001b[2m    - waiting 20ms\u001b[22m\n\u001b[2m    2 × waiting for element to be visible, enabled and stable\u001b[22m\n\u001b[2m      - element is not enabled\u001b[22m\n\u001b[2m    - retrying click action\u001b[22m\n\u001b[2m      - waiting 100ms\u001b[22m\n\u001b[2m    35 × waiting for element to be visible, enabled and stable\u001b[22m\n\u001b[2m       - element is not enabled\u001b[22m\n\u001b[2m     - retrying click action\u001b[22m\n\u001b[2m       - waiting 500ms\u001b[22m\n","stack":"locator.click: Test timeout of 30000ms exceeded.\nCall log:\n\u001b[2m  - waiting for locator('#exampleCheck1')\u001b[22m\n\u001b[2m    - locator resolved to <input disabled type=\"checkbox\" id=\"exampleCheck1\" class=\"form-check-input\"/>\u001b[22m\n\u001b[2m  - attempting click action\u001b[22m\n\u001b[2m    2 × waiting for element to be visible, enabled and stable\u001b[22m\n\u001b[2m      - element is not enabled\u001b[22m\n\u001b[2m    - retrying click action\u001b[22m\n\u001b[2m    - waiting 20ms\u001b[22m\n\u001b[2m    2 × waiting for element to be visible, enabled and stable\u001b[22m\n\u001b[2m      - element is not enabled\u001b[22m\n\u001b[2m    - retrying click action\u001b[22m\n\u001b[2m      - waiting 100ms\u001b[22m\n\u001b[2m    35 × waiting for element to be visible, enabled and stable\u001b[22m\n\u001b[2m       - element is not enabled\u001b[22m\n\u001b[2m     - retrying click action\u001b[22m\n\u001b[2m       - waiting 500ms\u001b[22m\n\n    at SpotTheBugPage.clickOnElement (C:\\Users\\JPSS\\QA-Practice-Playwright\\QA-Practice-Playwright\\pages\\helperBase.ts:18:30)\n    at SpotTheBugPage.agreeToTerms (C:\\Users\\JPSS\\QA-Practice-Playwright\\QA-Practice-Playwright\\pages\\spotTheBugPage.ts:83:20)\n    at SpotTheBugPage.fillForm (C:\\Users\\JPSS\\QA-Practice-Playwright\\QA-Practice-Playwright\\pages\\spotTheBugPage.ts:147:20)\n    at C:\\Users\\JPSS\\QA-Practice-Playwright\\QA-Practice-Playwright\\tests\\spotTheBugPageValidationTest.spec.ts:41:17","timestamp":"2025-07-19T11:43:23.862Z"}
{"emailAddress":"abc@gmail.com","firstName":"Allen","lastName":"Doe","level":"info","message":"Starting form fill","timestamp":"2025-07-19T11:43:25.624Z"}
{"level":"info","message":"Form submission completed","timestamp":"2025-07-19T11:43:29.134Z"}
{"level":"info","message":"Starting success message validation","timestamp":"2025-07-19T11:43:29.136Z"}
{"emailAddress":"abc@gmail.com","firstName":"","lastName":"Doe","level":"info","message":"Starting form fill","timestamp":"2025-07-19T11:43:30.669Z"}
{"emailAddress":"abc@gmail.com","firstName":"Allen","lastName":"Doe","level":"info","message":"Starting form fill","timestamp":"2025-07-19T11:43:32.746Z"}
{"level":"info","message":"Form submission completed","timestamp":"2025-07-19T11:43:33.302Z"}
{"level":"info","message":"Starting success message validation","timestamp":"2025-07-19T11:43:33.303Z"}
{"level":"info","message":"All validations passed","timestamp":"2025-07-19T11:43:33.304Z"}
{"level":"info","message":"Form submission completed","timestamp":"2025-07-19T11:43:35.909Z"}
{"level":"info","message":"Starting success message validation","timestamp":"2025-07-19T11:43:35.910Z"}
{"level":"info","message":"All validations passed","timestamp":"2025-07-19T11:43:35.911Z"}
{"level":"error","message":"Form fill failed locator.click: Test timeout of 30000ms exceeded.\nCall log:\n\u001b[2m  - waiting for locator('#exampleCheck1')\u001b[22m\n\u001b[2m    - locator resolved to <input disabled type=\"checkbox\" id=\"exampleCheck1\" class=\"form-check-input\"/>\u001b[22m\n\u001b[2m  - attempting click action\u001b[22m\n\u001b[2m    2 × waiting for element to be visible, enabled and stable\u001b[22m\n\u001b[2m      - element is not enabled\u001b[22m\n\u001b[2m    - retrying click action\u001b[22m\n\u001b[2m    - waiting 20ms\u001b[22m\n\u001b[2m    2 × waiting for element to be visible, enabled and stable\u001b[22m\n\u001b[2m      - element is not enabled\u001b[22m\n\u001b[2m    - retrying click action\u001b[22m\n\u001b[2m      - waiting 100ms\u001b[22m\n\u001b[2m    31 × waiting for element to be visible, enabled and stable\u001b[22m\n\u001b[2m       - element is not enabled\u001b[22m\n\u001b[2m     - retrying click action\u001b[22m\n\u001b[2m       - waiting 500ms\u001b[22m\n\u001b[2m    - waiting for element to be visible, enabled and stable\u001b[22m\n","stack":"locator.click: Test timeout of 30000ms exceeded.\nCall log:\n\u001b[2m  - waiting for locator('#exampleCheck1')\u001b[22m\n\u001b[2m    - locator resolved to <input disabled type=\"checkbox\" id=\"exampleCheck1\" class=\"form-check-input\"/>\u001b[22m\n\u001b[2m  - attempting click action\u001b[22m\n\u001b[2m    2 × waiting for element to be visible, enabled and stable\u001b[22m\n\u001b[2m      - element is not enabled\u001b[22m\n\u001b[2m    - retrying click action\u001b[22m\n\u001b[2m    - waiting 20ms\u001b[22m\n\u001b[2m    2 × waiting for element to be visible, enabled and stable\u001b[22m\n\u001b[2m      - element is not enabled\u001b[22m\n\u001b[2m    - retrying click action\u001b[22m\n\u001b[2m      - waiting 100ms\u001b[22m\n\u001b[2m    31 × waiting for element to be visible, enabled and stable\u001b[22m\n\u001b[2m       - element is not enabled\u001b[22m\n\u001b[2m     - retrying click action\u001b[22m\n\u001b[2m       - waiting 500ms\u001b[22m\n\u001b[2m    - waiting for element to be visible, enabled and stable\u001b[22m\n\n    at SpotTheBugPage.clickOnElement (C:\\Users\\JPSS\\QA-Practice-Playwright\\QA-Practice-Playwright\\pages\\helperBase.ts:18:30)\n    at SpotTheBugPage.agreeToTerms (C:\\Users\\JPSS\\QA-Practice-Playwright\\QA-Practice-Playwright\\pages\\spotTheBugPage.ts:83:20)\n    at SpotTheBugPage.fillForm (C:\\Users\\JPSS\\QA-Practice-Playwright\\QA-Practice-Playwright\\pages\\spotTheBugPage.ts:147:20)\n    at C:\\Users\\JPSS\\QA-Practice-Playwright\\QA-Practice-Playwright\\tests\\spotTheBugPageValidationTest.spec.ts:41:17","timestamp":"2025-07-19T11:43:50.435Z"}
{"emailAddress":"abc@gmail.com","firstName":"John","lastName":"Doe","level":"info","message":"Starting form fill","timestamp":"2025-07-19T22:22:03.808Z"}
{"emailAddress":"abc@gmail.com","firstName":"","lastName":"Doe","level":"info","message":"Starting form fill","timestamp":"2025-07-19T22:22:04.360Z"}
{"level":"info","message":"Form submission completed","timestamp":"2025-07-19T22:22:05.348Z"}
{"level":"info","message":"Starting success message validation","timestamp":"2025-07-19T22:22:05.350Z"}
{"level":"info","message":"All validations passed","timestamp":"2025-07-19T22:22:05.351Z"}
{"emailAddress":"abc@gmail.com","firstName":"Allen","lastName":"Doe","level":"info","message":"Starting form fill","timestamp":"2025-07-19T22:22:07.443Z"}
{"emailAddress":"abc@gmail.com","firstName":"Allen","lastName":"Doe","level":"info","message":"Starting form fill","timestamp":"2025-07-19T22:22:07.921Z"}
{"level":"info","message":"Form submission completed","timestamp":"2025-07-19T22:22:08.147Z"}
{"level":"info","message":"Starting success message validation","timestamp":"2025-07-19T22:22:08.149Z"}
{"level":"info","message":"Form submission completed","timestamp":"2025-07-19T22:22:08.740Z"}
{"level":"info","message":"Starting success message validation","timestamp":"2025-07-19T22:22:08.742Z"}
{"level":"info","message":"All validations passed","timestamp":"2025-07-19T22:22:08.743Z"}
{"emailAddress":"abc@gmail.com","firstName":"John","lastName":"Doe","level":"info","message":"Starting form fill","timestamp":"2025-07-19T22:22:26.768Z"}
{"level":"error","message":"Form fill failed locator.click: Test timeout of 30000ms exceeded.\nCall log:\n\u001b[2m  - waiting for locator('#exampleCheck1')\u001b[22m\n\u001b[2m    - locator resolved to <input disabled type=\"checkbox\" id=\"exampleCheck1\" class=\"form-check-input\"/>\u001b[22m\n\u001b[2m  - attempting click action\u001b[22m\n\u001b[2m    2 × waiting for element to be visible, enabled and stable\u001b[22m\n\u001b[2m      - element is not enabled\u001b[22m\n\u001b[2m    - retrying click action\u001b[22m\n\u001b[2m    - waiting 20ms\u001b[22m\n\u001b[2m    2 × waiting for element to be visible, enabled and stable\u001b[22m\n\u001b[2m      - element is not enabled\u001b[22m\n\u001b[2m    - retrying click action\u001b[22m\n\u001b[2m      - waiting 100ms\u001b[22m\n\u001b[2m    42 × waiting for element to be visible, enabled and stable\u001b[22m\n\u001b[2m       - element is not enabled\u001b[22m\n\u001b[2m     - retrying click action\u001b[22m\n\u001b[2m       - waiting 500ms\u001b[22m\n","stack":"locator.click: Test timeout of 30000ms exceeded.\nCall log:\n\u001b[2m  - waiting for locator('#exampleCheck1')\u001b[22m\n\u001b[2m    - locator resolved to <input disabled type=\"checkbox\" id=\"exampleCheck1\" class=\"form-check-input\"/>\u001b[22m\n\u001b[2m  - attempting click action\u001b[22m\n\u001b[2m    2 × waiting for element to be visible, enabled and stable\u001b[22m\n\u001b[2m      - element is not enabled\u001b[22m\n\u001b[2m    - retrying click action\u001b[22m\n\u001b[2m    - waiting 20ms\u001b[22m\n\u001b[2m    2 × waiting for element to be visible, enabled and stable\u001b[22m\n\u001b[2m      - element is not enabled\u001b[22m\n\u001b[2m    - retrying click action\u001b[22m\n\u001b[2m      - waiting 100ms\u001b[22m\n\u001b[2m    42 × waiting for element to be visible, enabled and stable\u001b[22m\n\u001b[2m       - element is not enabled\u001b[22m\n\u001b[2m     - retrying click action\u001b[22m\n\u001b[2m       - waiting 500ms\u001b[22m\n\n    at SpotTheBugPage.clickOnElement (C:\\Users\\JPSS\\QA-Practice-Playwright\\QA-Practice-Playwright\\pages\\helperBase.ts:18:30)\n    at SpotTheBugPage.agreeToTerms (C:\\Users\\JPSS\\QA-Practice-Playwright\\QA-Practice-Playwright\\pages\\spotTheBugPage.ts:83:20)\n    at SpotTheBugPage.fillForm (C:\\Users\\JPSS\\QA-Practice-Playwright\\QA-Practice-Playwright\\pages\\spotTheBugPage.ts:147:20)\n    at C:\\Users\\JPSS\\QA-Practice-Playwright\\QA-Practice-Playwright\\tests\\spotTheBugPageValidationTest.spec.ts:41:17","timestamp":"2025-07-19T22:22:27.258Z"}
{"emailAddress":"abc@gmail.com","firstName":"","lastName":"Doe","level":"info","message":"Starting form fill","timestamp":"2025-07-19T22:22:30.038Z"}
{"level":"info","message":"Form submission completed","timestamp":"2025-07-19T22:22:31.539Z"}
{"level":"info","message":"Starting success message validation","timestamp":"2025-07-19T22:22:31.540Z"}
{"level":"info","message":"All validations passed","timestamp":"2025-07-19T22:22:31.541Z"}
{"emailAddress":"abc@gmail.com","firstName":"Allen","lastName":"Doe","level":"info","message":"Starting form fill","timestamp":"2025-07-19T22:22:32.720Z"}
{"level":"info","message":"Form submission completed","timestamp":"2025-07-19T22:22:33.833Z"}
{"level":"info","message":"Starting success message validation","timestamp":"2025-07-19T22:22:33.835Z"}
{"emailAddress":"abc@gmail.com","firstName":"Allen","lastName":"Doe","level":"info","message":"Starting form fill","timestamp":"2025-07-19T22:22:43.629Z"}
{"level":"info","message":"Form submission completed","timestamp":"2025-07-19T22:22:44.833Z"}
{"level":"info","message":"Starting success message validation","timestamp":"2025-07-19T22:22:44.835Z"}
{"level":"info","message":"All validations passed","timestamp":"2025-07-19T22:22:44.836Z"}
{"level":"error","message":"Form fill failed locator.click: Test timeout of 30000ms exceeded.\nCall log:\n\u001b[2m  - waiting for locator('#exampleCheck1')\u001b[22m\n\u001b[2m    - locator resolved to <input disabled type=\"checkbox\" id=\"exampleCheck1\" class=\"form-check-input\"/>\u001b[22m\n\u001b[2m  - attempting click action\u001b[22m\n\u001b[2m    2 × waiting for element to be visible, enabled and stable\u001b[22m\n\u001b[2m      - element is not enabled\u001b[22m\n\u001b[2m    - retrying click action\u001b[22m\n\u001b[2m    - waiting 20ms\u001b[22m\n\u001b[2m    2 × waiting for element to be visible, enabled and stable\u001b[22m\n\u001b[2m      - element is not enabled\u001b[22m\n\u001b[2m    - retrying click action\u001b[22m\n\u001b[2m      - waiting 100ms\u001b[22m\n\u001b[2m    30 × waiting for element to be visible, enabled and stable\u001b[22m\n\u001b[2m       - element is not enabled\u001b[22m\n\u001b[2m     - retrying click action\u001b[22m\n\u001b[2m       - waiting 500ms\u001b[22m\n\u001b[2m    - waiting for element to be visible, enabled and stable\u001b[22m\n","stack":"locator.click: Test timeout of 30000ms exceeded.\nCall log:\n\u001b[2m  - waiting for locator('#exampleCheck1')\u001b[22m\n\u001b[2m    - locator resolved to <input disabled type=\"checkbox\" id=\"exampleCheck1\" class=\"form-check-input\"/>\u001b[22m\n\u001b[2m  - attempting click action\u001b[22m\n\u001b[2m    2 × waiting for element to be visible, enabled and stable\u001b[22m\n\u001b[2m      - element is not enabled\u001b[22m\n\u001b[2m    - retrying click action\u001b[22m\n\u001b[2m    - waiting 20ms\u001b[22m\n\u001b[2m    2 × waiting for element to be visible, enabled and stable\u001b[22m\n\u001b[2m      - element is not enabled\u001b[22m\n\u001b[2m    - retrying click action\u001b[22m\n\u001b[2m      - waiting 100ms\u001b[22m\n\u001b[2m    30 × waiting for element to be visible, enabled and stable\u001b[22m\n\u001b[2m       - element is not enabled\u001b[22m\n\u001b[2m     - retrying click action\u001b[22m\n\u001b[2m       - waiting 500ms\u001b[22m\n\u001b[2m    - waiting for element to be visible, enabled and stable\u001b[22m\n\n    at SpotTheBugPage.clickOnElement (C:\\Users\\JPSS\\QA-Practice-Playwright\\QA-Practice-Playwright\\pages\\helperBase.ts:18:30)\n    at SpotTheBugPage.agreeToTerms (C:\\Users\\JPSS\\QA-Practice-Playwright\\QA-Practice-Playwright\\pages\\spotTheBugPage.ts:83:20)\n    at SpotTheBugPage.fillForm (C:\\Users\\JPSS\\QA-Practice-Playwright\\QA-Practice-Playwright\\pages\\spotTheBugPage.ts:147:20)\n    at C:\\Users\\JPSS\\QA-Practice-Playwright\\QA-Practice-Playwright\\tests\\spotTheBugPageValidationTest.spec.ts:41:17","timestamp":"2025-07-19T22:22:45.792Z"}
{"emailAddress":"abc@gmail.com","firstName":"John","lastName":"Doe","level":"info","message":"Starting form fill","timestamp":"2025-07-19T22:22:47.274Z"}
{"emailAddress":"abc@gmail.com","firstName":"Allen","lastName":"Doe","level":"info","message":"Starting form fill","timestamp":"2025-07-19T22:22:49.853Z"}
{"level":"info","message":"Form submission completed","timestamp":"2025-07-19T22:22:53.113Z"}
{"level":"info","message":"Starting success message validation","timestamp":"2025-07-19T22:22:53.114Z"}
{"emailAddress":"abc@gmail.com","firstName":"","lastName":"Doe","level":"info","message":"Starting form fill","timestamp":"2025-07-19T22:22:54.401Z"}
{"emailAddress":"abc@gmail.com","firstName":"Allen","lastName":"Doe","level":"info","message":"Starting form fill","timestamp":"2025-07-19T22:22:55.048Z"}
{"level":"info","message":"Form submission completed","timestamp":"2025-07-19T22:22:57.445Z"}
{"level":"info","message":"Starting success message validation","timestamp":"2025-07-19T22:22:57.446Z"}
{"level":"info","message":"All validations passed","timestamp":"2025-07-19T22:22:57.448Z"}
{"level":"info","message":"Form submission completed","timestamp":"2025-07-19T22:22:58.439Z"}
{"level":"info","message":"Starting success message validation","timestamp":"2025-07-19T22:22:58.441Z"}
{"level":"info","message":"All validations passed","timestamp":"2025-07-19T22:22:58.441Z"}
{"level":"error","message":"Form fill failed locator.click: Test timeout of 30000ms exceeded.\nCall log:\n\u001b[2m  - waiting for locator('#exampleCheck1')\u001b[22m\n\u001b[2m    - locator resolved to <input disabled type=\"checkbox\" id=\"exampleCheck1\" class=\"form-check-input\"/>\u001b[22m\n\u001b[2m  - attempting click action\u001b[22m\n\u001b[2m    2 × waiting for element to be visible, enabled and stable\u001b[22m\n\u001b[2m      - element is not enabled\u001b[22m\n\u001b[2m    - retrying click action\u001b[22m\n\u001b[2m    - waiting 20ms\u001b[22m\n\u001b[2m    2 × waiting for element to be visible, enabled and stable\u001b[22m\n\u001b[2m      - element is not enabled\u001b[22m\n\u001b[2m    - retrying click action\u001b[22m\n\u001b[2m      - waiting 100ms\u001b[22m\n\u001b[2m    31 × waiting for element to be visible, enabled and stable\u001b[22m\n\u001b[2m       - element is not enabled\u001b[22m\n\u001b[2m     - retrying click action\u001b[22m\n\u001b[2m       - waiting 500ms\u001b[22m\n\u001b[2m    - waiting for element to be visible, enabled and stable\u001b[22m\n","stack":"locator.click: Test timeout of 30000ms exceeded.\nCall log:\n\u001b[2m  - waiting for locator('#exampleCheck1')\u001b[22m\n\u001b[2m    - locator resolved to <input disabled type=\"checkbox\" id=\"exampleCheck1\" class=\"form-check-input\"/>\u001b[22m\n\u001b[2m  - attempting click action\u001b[22m\n\u001b[2m    2 × waiting for element to be visible, enabled and stable\u001b[22m\n\u001b[2m      - element is not enabled\u001b[22m\n\u001b[2m    - retrying click action\u001b[22m\n\u001b[2m    - waiting 20ms\u001b[22m\n\u001b[2m    2 × waiting for element to be visible, enabled and stable\u001b[22m\n\u001b[2m      - element is not enabled\u001b[22m\n\u001b[2m    - retrying click action\u001b[22m\n\u001b[2m      - waiting 100ms\u001b[22m\n\u001b[2m    31 × waiting for element to be visible, enabled and stable\u001b[22m\n\u001b[2m       - element is not enabled\u001b[22m\n\u001b[2m     - retrying click action\u001b[22m\n\u001b[2m       - waiting 500ms\u001b[22m\n\u001b[2m    - waiting for element to be visible, enabled and stable\u001b[22m\n\n    at SpotTheBugPage.clickOnElement (C:\\Users\\JPSS\\QA-Practice-Playwright\\QA-Practice-Playwright\\pages\\helperBase.ts:18:30)\n    at SpotTheBugPage.agreeToTerms (C:\\Users\\JPSS\\QA-Practice-Playwright\\QA-Practice-Playwright\\pages\\spotTheBugPage.ts:83:20)\n    at SpotTheBugPage.fillForm (C:\\Users\\JPSS\\QA-Practice-Playwright\\QA-Practice-Playwright\\pages\\spotTheBugPage.ts:147:20)\n    at C:\\Users\\JPSS\\QA-Practice-Playwright\\QA-Practice-Playwright\\tests\\spotTheBugPageValidationTest.spec.ts:41:17","timestamp":"2025-07-19T22:23:13.951Z"}
{"emailAddress":"abc@gmail.com","firstName":"John","lastName":"Doe","level":"info","message":"Starting form fill","timestamp":"2025-07-19T22:24:32.212Z"}
{"emailAddress":"abc@gmail.com","firstName":"","lastName":"Doe","level":"info","message":"Starting form fill","timestamp":"2025-07-19T22:24:32.523Z"}
{"level":"info","message":"Form submission completed","timestamp":"2025-07-19T22:24:33.223Z"}
{"level":"info","message":"Starting success message validation","timestamp":"2025-07-19T22:24:33.225Z"}
{"level":"info","message":"All validations passed","timestamp":"2025-07-19T22:24:33.225Z"}
{"emailAddress":"abc@gmail.com","firstName":"Allen","lastName":"Doe","level":"info","message":"Starting form fill","timestamp":"2025-07-19T22:24:37.673Z"}
{"level":"info","message":"Form submission completed","timestamp":"2025-07-19T22:24:38.359Z"}
{"level":"info","message":"Starting success message validation","timestamp":"2025-07-19T22:24:38.360Z"}
{"emailAddress":"abc@gmail.com","firstName":"Allen","lastName":"Doe","level":"info","message":"Starting form fill","timestamp":"2025-07-19T22:24:42.954Z"}
{"level":"info","message":"Form submission completed","timestamp":"2025-07-19T22:24:44.021Z"}
{"level":"info","message":"Starting success message validation","timestamp":"2025-07-19T22:24:44.022Z"}
{"level":"info","message":"All validations passed","timestamp":"2025-07-19T22:24:44.023Z"}
{"emailAddress":"abc@gmail.com","firstName":"","lastName":"Doe","level":"info","message":"Starting form fill","timestamp":"2025-07-19T22:24:51.779Z"}
{"level":"info","message":"Form submission completed","timestamp":"2025-07-19T22:24:52.505Z"}
{"level":"info","message":"Starting success message validation","timestamp":"2025-07-19T22:24:52.507Z"}
{"level":"info","message":"All validations passed","timestamp":"2025-07-19T22:24:52.508Z"}
{"emailAddress":"abc@gmail.com","firstName":"Allen","lastName":"Doe","level":"info","message":"Starting form fill","timestamp":"2025-07-19T22:24:57.614Z"}
{"emailAddress":"abc@gmail.com","firstName":"Allen","lastName":"Doe","level":"info","message":"Starting form fill","timestamp":"2025-07-19T22:24:57.715Z"}
{"level":"error","message":"Form fill failed locator.click: Test timeout of 30000ms exceeded.\nCall log:\n\u001b[2m  - waiting for locator('#exampleCheck1')\u001b[22m\n\u001b[2m    - locator resolved to <input disabled type=\"checkbox\" id=\"exampleCheck1\" class=\"form-check-input\"/>\u001b[22m\n\u001b[2m  - attempting click action\u001b[22m\n\u001b[2m    2 × waiting for element to be visible, enabled and stable\u001b[22m\n\u001b[2m      - element is not enabled\u001b[22m\n\u001b[2m    - retrying click action\u001b[22m\n\u001b[2m    - waiting 20ms\u001b[22m\n\u001b[2m    2 × waiting for element to be visible, enabled and stable\u001b[22m\n\u001b[2m      - element is not enabled\u001b[22m\n\u001b[2m    - retrying click action\u001b[22m\n\u001b[2m      - waiting 100ms\u001b[22m\n\u001b[2m    47 × waiting for element to be visible, enabled and stable\u001b[22m\n\u001b[2m       - element is not enabled\u001b[22m\n\u001b[2m     - retrying click action\u001b[22m\n\u001b[2m       - waiting 500ms\u001b[22m\n\u001b[2m    - waiting for element to be visible, enabled and stable\u001b[22m\n","stack":"locator.click: Test timeout of 30000ms exceeded.\nCall log:\n\u001b[2m  - waiting for locator('#exampleCheck1')\u001b[22m\n\u001b[2m    - locator resolved to <input disabled type=\"checkbox\" id=\"exampleCheck1\" class=\"form-check-input\"/>\u001b[22m\n\u001b[2m  - attempting click action\u001b[22m\n\u001b[2m    2 × waiting for element to be visible, enabled and stable\u001b[22m\n\u001b[2m      - element is not enabled\u001b[22m\n\u001b[2m    - retrying click action\u001b[22m\n\u001b[2m    - waiting 20ms\u001b[22m\n\u001b[2m    2 × waiting for element to be visible, enabled and stable\u001b[22m\n\u001b[2m      - element is not enabled\u001b[22m\n\u001b[2m    - retrying click action\u001b[22m\n\u001b[2m      - waiting 100ms\u001b[22m\n\u001b[2m    47 × waiting for element to be visible, enabled and stable\u001b[22m\n\u001b[2m       - element is not enabled\u001b[22m\n\u001b[2m     - retrying click action\u001b[22m\n\u001b[2m       - waiting 500ms\u001b[22m\n\u001b[2m    - waiting for element to be visible, enabled and stable\u001b[22m\n\n    at SpotTheBugPage.clickOnElement (C:\\Users\\JPSS\\QA-Practice-Playwright\\QA-Practice-Playwright\\pages\\helperBase.ts:18:30)\n    at SpotTheBugPage.agreeToTerms (C:\\Users\\JPSS\\QA-Practice-Playwright\\QA-Practice-Playwright\\pages\\spotTheBugPage.ts:83:20)\n    at SpotTheBugPage.fillForm (C:\\Users\\JPSS\\QA-Practice-Playwright\\QA-Practice-Playwright\\pages\\spotTheBugPage.ts:147:20)\n    at C:\\Users\\JPSS\\QA-Practice-Playwright\\QA-Practice-Playwright\\tests\\spotTheBugPageValidationTest.spec.ts:41:17","timestamp":"2025-07-19T22:24:58.572Z"}
{"level":"info","message":"Form submission completed","timestamp":"2025-07-19T22:24:59.029Z"}
{"level":"info","message":"Starting success message validation","timestamp":"2025-07-19T22:24:59.030Z"}
{"level":"info","message":"All validations passed","timestamp":"2025-07-19T22:24:59.030Z"}
{"level":"info","message":"Form submission completed","timestamp":"2025-07-19T22:24:59.049Z"}
{"level":"info","message":"Starting success message validation","timestamp":"2025-07-19T22:24:59.050Z"}
{"emailAddress":"abc@gmail.com","firstName":"John","lastName":"Doe","level":"info","message":"Starting form fill","timestamp":"2025-07-19T22:25:03.280Z"}
{"level":"error","message":"Form fill failed locator.click: Test timeout of 30000ms exceeded.\nCall log:\n\u001b[2m  - waiting for locator('#exampleCheck1')\u001b[22m\n\u001b[2m    - locator resolved to <input disabled type=\"checkbox\" id=\"exampleCheck1\" class=\"form-check-input\"/>\u001b[22m\n\u001b[2m  - attempting click action\u001b[22m\n\u001b[2m    2 × waiting for element to be visible, enabled and stable\u001b[22m\n\u001b[2m      - element is not enabled\u001b[22m\n\u001b[2m    - retrying click action\u001b[22m\n\u001b[2m    - waiting 20ms\u001b[22m\n\u001b[2m    2 × waiting for element to be visible, enabled and stable\u001b[22m\n\u001b[2m      - element is not enabled\u001b[22m\n\u001b[2m    - retrying click action\u001b[22m\n\u001b[2m      - waiting 100ms\u001b[22m\n\u001b[2m    47 × waiting for element to be visible, enabled and stable\u001b[22m\n\u001b[2m       - element is not enabled\u001b[22m\n\u001b[2m     - retrying click action\u001b[22m\n\u001b[2m       - waiting 500ms\u001b[22m\n","stack":"locator.click: Test timeout of 30000ms exceeded.\nCall log:\n\u001b[2m  - waiting for locator('#exampleCheck1')\u001b[22m\n\u001b[2m    - locator resolved to <input disabled type=\"checkbox\" id=\"exampleCheck1\" class=\"form-check-input\"/>\u001b[22m\n\u001b[2m  - attempting click action\u001b[22m\n\u001b[2m    2 × waiting for element to be visible, enabled and stable\u001b[22m\n\u001b[2m      - element is not enabled\u001b[22m\n\u001b[2m    - retrying click action\u001b[22m\n\u001b[2m    - waiting 20ms\u001b[22m\n\u001b[2m    2 × waiting for element to be visible, enabled and stable\u001b[22m\n\u001b[2m      - element is not enabled\u001b[22m\n\u001b[2m    - retrying click action\u001b[22m\n\u001b[2m      - waiting 100ms\u001b[22m\n\u001b[2m    47 × waiting for element to be visible, enabled and stable\u001b[22m\n\u001b[2m       - element is not enabled\u001b[22m\n\u001b[2m     - retrying click action\u001b[22m\n\u001b[2m       - waiting 500ms\u001b[22m\n\n    at SpotTheBugPage.clickOnElement (C:\\Users\\JPSS\\QA-Practice-Playwright\\QA-Practice-Playwright\\pages\\helperBase.ts:18:30)\n    at SpotTheBugPage.agreeToTerms (C:\\Users\\JPSS\\QA-Practice-Playwright\\QA-Practice-Playwright\\pages\\spotTheBugPage.ts:83:20)\n    at SpotTheBugPage.fillForm (C:\\Users\\JPSS\\QA-Practice-Playwright\\QA-Practice-Playwright\\pages\\spotTheBugPage.ts:147:20)\n    at C:\\Users\\JPSS\\QA-Practice-Playwright\\QA-Practice-Playwright\\tests\\spotTheBugPageValidationTest.spec.ts:41:17","timestamp":"2025-07-19T22:25:28.740Z"}
{"emailAddress":"abc@gmail.com","firstName":"","lastName":"Doe","level":"info","message":"Starting form fill","timestamp":"2025-07-19T22:32:44.365Z"}
{"emailAddress":"abc@gmail.com","firstName":"John","lastName":"Doe","level":"info","message":"Starting form fill","timestamp":"2025-07-19T22:32:44.590Z"}
{"level":"info","message":"Form submission completed","timestamp":"2025-07-19T22:32:45.480Z"}
{"level":"info","message":"Starting success message validation","timestamp":"2025-07-19T22:32:45.482Z"}
{"level":"info","message":"All validations passed","timestamp":"2025-07-19T22:32:45.483Z"}
{"emailAddress":"abc@gmail.com","firstName":"Allen","lastName":"Doe","level":"info","message":"Starting form fill","timestamp":"2025-07-19T22:32:47.466Z"}
{"emailAddress":"abc@gmail.com","firstName":"Allen","lastName":"Doe","level":"info","message":"Starting form fill","timestamp":"2025-07-19T22:32:47.792Z"}
{"level":"info","message":"Form submission completed","timestamp":"2025-07-19T22:32:48.221Z"}
{"level":"info","message":"Starting success message validation","timestamp":"2025-07-19T22:32:48.223Z"}
{"level":"info","message":"Form submission completed","timestamp":"2025-07-19T22:32:48.670Z"}
{"level":"info","message":"Starting success message validation","timestamp":"2025-07-19T22:32:48.671Z"}
{"level":"info","message":"All validations passed","timestamp":"2025-07-19T22:32:48.672Z"}
{"emailAddress":"abc@gmail.com","firstName":"","lastName":"Doe","level":"info","message":"Starting form fill","timestamp":"2025-07-19T22:33:02.100Z"}
{"level":"info","message":"Form submission completed","timestamp":"2025-07-19T22:33:04.765Z"}
{"level":"info","message":"Starting success message validation","timestamp":"2025-07-19T22:33:04.766Z"}
{"level":"info","message":"All validations passed","timestamp":"2025-07-19T22:33:04.767Z"}
{"emailAddress":"abc@gmail.com","firstName":"John","lastName":"Doe","level":"info","message":"Starting form fill","timestamp":"2025-07-19T22:33:06.724Z"}
{"level":"error","message":"Form fill failed locator.click: Test timeout of 30000ms exceeded.\nCall log:\n\u001b[2m  - waiting for locator('#exampleCheck1')\u001b[22m\n\u001b[2m    - locator resolved to <input disabled type=\"checkbox\" id=\"exampleCheck1\" class=\"form-check-input\"/>\u001b[22m\n\u001b[2m  - attempting click action\u001b[22m\n\u001b[2m    2 × waiting for element to be visible, enabled and stable\u001b[22m\n\u001b[2m      - element is not enabled\u001b[22m\n\u001b[2m    - retrying click action\u001b[22m\n\u001b[2m    - waiting 20ms\u001b[22m\n\u001b[2m    2 × waiting for element to be visible, enabled and stable\u001b[22m\n\u001b[2m      - element is not enabled\u001b[22m\n\u001b[2m    - retrying click action\u001b[22m\n\u001b[2m      - waiting 100ms\u001b[22m\n\u001b[2m    41 × waiting for element to be visible, enabled and stable\u001b[22m\n\u001b[2m       - element is not enabled\u001b[22m\n\u001b[2m     - retrying click action\u001b[22m\n\u001b[2m       - waiting 500ms\u001b[22m\n\u001b[2m    - waiting for element to be visible, enabled and stable\u001b[22m\n","stack":"locator.click: Test timeout of 30000ms exceeded.\nCall log:\n\u001b[2m  - waiting for locator('#exampleCheck1')\u001b[22m\n\u001b[2m    - locator resolved to <input disabled type=\"checkbox\" id=\"exampleCheck1\" class=\"form-check-input\"/>\u001b[22m\n\u001b[2m  - attempting click action\u001b[22m\n\u001b[2m    2 × waiting for element to be visible, enabled and stable\u001b[22m\n\u001b[2m      - element is not enabled\u001b[22m\n\u001b[2m    - retrying click action\u001b[22m\n\u001b[2m    - waiting 20ms\u001b[22m\n\u001b[2m    2 × waiting for element to be visible, enabled and stable\u001b[22m\n\u001b[2m      - element is not enabled\u001b[22m\n\u001b[2m    - retrying click action\u001b[22m\n\u001b[2m      - waiting 100ms\u001b[22m\n\u001b[2m    41 × waiting for element to be visible, enabled and stable\u001b[22m\n\u001b[2m       - element is not enabled\u001b[22m\n\u001b[2m     - retrying click action\u001b[22m\n\u001b[2m       - waiting 500ms\u001b[22m\n\u001b[2m    - waiting for element to be visible, enabled and stable\u001b[22m\n\n    at SpotTheBugPage.clickOnElement (C:\\Users\\JPSS\\QA-Practice-Playwright\\QA-Practice-Playwright\\pages\\helperBase.ts:18:30)\n    at SpotTheBugPage.agreeToTerms (C:\\Users\\JPSS\\QA-Practice-Playwright\\QA-Practice-Playwright\\pages\\spotTheBugPage.ts:83:20)\n    at SpotTheBugPage.fillForm (C:\\Users\\JPSS\\QA-Practice-Playwright\\QA-Practice-Playwright\\pages\\spotTheBugPage.ts:147:20)\n    at C:\\Users\\JPSS\\QA-Practice-Playwright\\QA-Practice-Playwright\\tests\\spotTheBugPageValidationTest.spec.ts:41:17","timestamp":"2025-07-19T22:33:08.436Z"}
{"emailAddress":"abc@gmail.com","firstName":"Allen","lastName":"Doe","level":"info","message":"Starting form fill","timestamp":"2025-07-19T22:33:10.716Z"}
{"emailAddress":"abc@gmail.com","firstName":"Allen","lastName":"Doe","level":"info","message":"Starting form fill","timestamp":"2025-07-19T22:33:11.371Z"}
{"level":"info","message":"Form submission completed","timestamp":"2025-07-19T22:33:12.232Z"}
{"level":"info","message":"Starting success message validation","timestamp":"2025-07-19T22:33:12.233Z"}
{"level":"info","message":"Form submission completed","timestamp":"2025-07-19T22:33:12.952Z"}
{"level":"info","message":"Starting success message validation","timestamp":"2025-07-19T22:33:12.953Z"}
{"level":"info","message":"All validations passed","timestamp":"2025-07-19T22:33:12.953Z"}
{"emailAddress":"abc@gmail.com","firstName":"","lastName":"Doe","level":"info","message":"Starting form fill","timestamp":"2025-07-19T22:33:22.312Z"}
{"emailAddress":"abc@gmail.com","firstName":"John","lastName":"Doe","level":"info","message":"Starting form fill","timestamp":"2025-07-19T22:33:23.160Z"}
{"level":"info","message":"Form submission completed","timestamp":"2025-07-19T22:33:25.225Z"}
{"level":"info","message":"Starting success message validation","timestamp":"2025-07-19T22:33:25.226Z"}
{"level":"info","message":"All validations passed","timestamp":"2025-07-19T22:33:25.227Z"}
{"level":"error","message":"Form fill failed locator.click: Test timeout of 30000ms exceeded.\nCall log:\n\u001b[2m  - waiting for locator('#exampleCheck1')\u001b[22m\n\u001b[2m    - locator resolved to <input disabled type=\"checkbox\" id=\"exampleCheck1\" class=\"form-check-input\"/>\u001b[22m\n\u001b[2m  - attempting click action\u001b[22m\n\u001b[2m    2 × waiting for element to be visible, enabled and stable\u001b[22m\n\u001b[2m      - element is not enabled\u001b[22m\n\u001b[2m    - retrying click action\u001b[22m\n\u001b[2m    - waiting 20ms\u001b[22m\n\u001b[2m    2 × waiting for element to be visible, enabled and stable\u001b[22m\n\u001b[2m      - element is not enabled\u001b[22m\n\u001b[2m    - retrying click action\u001b[22m\n\u001b[2m      - waiting 100ms\u001b[22m\n\u001b[2m    29 × waiting for element to be visible, enabled and stable\u001b[22m\n\u001b[2m       - element is not enabled\u001b[22m\n\u001b[2m     - retrying click action\u001b[22m\n\u001b[2m       - waiting 500ms\u001b[22m\n\u001b[2m    - waiting for element to be visible, enabled and stable\u001b[22m\n","stack":"locator.click: Test timeout of 30000ms exceeded.\nCall log:\n\u001b[2m  - waiting for locator('#exampleCheck1')\u001b[22m\n\u001b[2m    - locator resolved to <input disabled type=\"checkbox\" id=\"exampleCheck1\" class=\"form-check-input\"/>\u001b[22m\n\u001b[2m  - attempting click action\u001b[22m\n\u001b[2m    2 × waiting for element to be visible, enabled and stable\u001b[22m\n\u001b[2m      - element is not enabled\u001b[22m\n\u001b[2m    - retrying click action\u001b[22m\n\u001b[2m    - waiting 20ms\u001b[22m\n\u001b[2m    2 × waiting for element to be visible, enabled and stable\u001b[22m\n\u001b[2m      - element is not enabled\u001b[22m\n\u001b[2m    - retrying click action\u001b[22m\n\u001b[2m      - waiting 100ms\u001b[22m\n\u001b[2m    29 × waiting for element to be visible, enabled and stable\u001b[22m\n\u001b[2m       - element is not enabled\u001b[22m\n\u001b[2m     - retrying click action\u001b[22m\n\u001b[2m       - waiting 500ms\u001b[22m\n\u001b[2m    - waiting for element to be visible, enabled and stable\u001b[22m\n\n    at SpotTheBugPage.clickOnElement (C:\\Users\\JPSS\\QA-Practice-Playwright\\QA-Practice-Playwright\\pages\\helperBase.ts:18:30)\n    at SpotTheBugPage.agreeToTerms (C:\\Users\\JPSS\\QA-Practice-Playwright\\QA-Practice-Playwright\\pages\\spotTheBugPage.ts:83:20)\n    at SpotTheBugPage.fillForm (C:\\Users\\JPSS\\QA-Practice-Playwright\\QA-Practice-Playwright\\pages\\spotTheBugPage.ts:147:20)\n    at C:\\Users\\JPSS\\QA-Practice-Playwright\\QA-Practice-Playwright\\tests\\spotTheBugPageValidationTest.spec.ts:41:17","timestamp":"2025-07-19T22:33:25.630Z"}
{"emailAddress":"abc@gmail.com","firstName":"Allen","lastName":"Doe","level":"info","message":"Starting form fill","timestamp":"2025-07-19T22:33:27.372Z"}
{"emailAddress":"abc@gmail.com","firstName":"Allen","lastName":"Doe","level":"info","message":"Starting form fill","timestamp":"2025-07-19T22:33:30.095Z"}
{"level":"info","message":"Form submission completed","timestamp":"2025-07-19T22:33:30.846Z"}
{"level":"info","message":"Starting success message validation","timestamp":"2025-07-19T22:33:30.848Z"}
{"level":"info","message":"Form submission completed","timestamp":"2025-07-19T22:33:34.577Z"}
{"level":"info","message":"Starting success message validation","timestamp":"2025-07-19T22:33:34.578Z"}
{"level":"info","message":"All validations passed","timestamp":"2025-07-19T22:33:34.578Z"}
{"emailAddress":"abc@gmail.com","firstName":"John","lastName":"Doe","level":"info","message":"Starting form fill","timestamp":"2025-07-19T22:33:40.232Z"}
{"emailAddress":"abc@gmail.com","firstName":"","lastName":"Doe","level":"info","message":"Starting form fill","timestamp":"2025-07-19T22:33:46.160Z"}
{"level":"info","message":"Form submission completed","timestamp":"2025-07-19T22:33:47.027Z"}
{"level":"info","message":"Starting success message validation","timestamp":"2025-07-19T22:33:47.029Z"}
{"level":"info","message":"All validations passed","timestamp":"2025-07-19T22:33:47.030Z"}
{"emailAddress":"abc@gmail.com","firstName":"Allen","lastName":"Doe","level":"info","message":"Starting form fill","timestamp":"2025-07-19T22:33:47.461Z"}
{"level":"info","message":"Form submission completed","timestamp":"2025-07-19T22:33:48.417Z"}
{"level":"info","message":"Starting success message validation","timestamp":"2025-07-19T22:33:48.418Z"}
{"level":"error","message":"Form fill failed locator.click: Test timeout of 30000ms exceeded.\nCall log:\n\u001b[2m  - waiting for locator('#exampleCheck1')\u001b[22m\n\u001b[2m    - locator resolved to <input disabled type=\"checkbox\" id=\"exampleCheck1\" class=\"form-check-input\"/>\u001b[22m\n\u001b[2m  - attempting click action\u001b[22m\n\u001b[2m    2 × waiting for element to be visible, enabled and stable\u001b[22m\n\u001b[2m      - element is not enabled\u001b[22m\n\u001b[2m    - retrying click action\u001b[22m\n\u001b[2m    - waiting 20ms\u001b[22m\n\u001b[2m    2 × waiting for element to be visible, enabled and stable\u001b[22m\n\u001b[2m      - element is not enabled\u001b[22m\n\u001b[2m    - retrying click action\u001b[22m\n\u001b[2m      - waiting 100ms\u001b[22m\n\u001b[2m    30 × waiting for element to be visible, enabled and stable\u001b[22m\n\u001b[2m       - element is not enabled\u001b[22m\n\u001b[2m     - retrying click action\u001b[22m\n\u001b[2m       - waiting 500ms\u001b[22m\n\u001b[2m    - waiting for element to be visible, enabled and stable\u001b[22m\n","stack":"locator.click: Test timeout of 30000ms exceeded.\nCall log:\n\u001b[2m  - waiting for locator('#exampleCheck1')\u001b[22m\n\u001b[2m    - locator resolved to <input disabled type=\"checkbox\" id=\"exampleCheck1\" class=\"form-check-input\"/>\u001b[22m\n\u001b[2m  - attempting click action\u001b[22m\n\u001b[2m    2 × waiting for element to be visible, enabled and stable\u001b[22m\n\u001b[2m      - element is not enabled\u001b[22m\n\u001b[2m    - retrying click action\u001b[22m\n\u001b[2m    - waiting 20ms\u001b[22m\n\u001b[2m    2 × waiting for element to be visible, enabled and stable\u001b[22m\n\u001b[2m      - element is not enabled\u001b[22m\n\u001b[2m    - retrying click action\u001b[22m\n\u001b[2m      - waiting 100ms\u001b[22m\n\u001b[2m    30 × waiting for element to be visible, enabled and stable\u001b[22m\n\u001b[2m       - element is not enabled\u001b[22m\n\u001b[2m     - retrying click action\u001b[22m\n\u001b[2m       - waiting 500ms\u001b[22m\n\u001b[2m    - waiting for element to be visible, enabled and stable\u001b[22m\n\n    at SpotTheBugPage.clickOnElement (C:\\Users\\JPSS\\QA-Practice-Playwright\\QA-Practice-Playwright\\pages\\helperBase.ts:18:30)\n    at SpotTheBugPage.agreeToTerms (C:\\Users\\JPSS\\QA-Practice-Playwright\\QA-Practice-Playwright\\pages\\spotTheBugPage.ts:83:20)\n    at SpotTheBugPage.fillForm (C:\\Users\\JPSS\\QA-Practice-Playwright\\QA-Practice-Playwright\\pages\\spotTheBugPage.ts:147:20)\n    at C:\\Users\\JPSS\\QA-Practice-Playwright\\QA-Practice-Playwright\\tests\\spotTheBugPageValidationTest.spec.ts:41:17","timestamp":"2025-07-19T22:33:50.573Z"}
{"emailAddress":"abc@gmail.com","firstName":"Allen","lastName":"Doe","level":"info","message":"Starting form fill","timestamp":"2025-07-19T22:33:52.047Z"}
{"level":"info","message":"Form submission completed","timestamp":"2025-07-19T22:33:52.790Z"}
{"level":"info","message":"Starting success message validation","timestamp":"2025-07-19T22:33:52.790Z"}
{"level":"info","message":"All validations passed","timestamp":"2025-07-19T22:33:52.791Z"}
{"emailAddress":"abc@gmail.com","firstName":"","lastName":"Doe","level":"info","message":"Starting form fill","timestamp":"2025-07-19T22:34:03.640Z"}
{"level":"info","message":"Form submission completed","timestamp":"2025-07-19T22:34:04.458Z"}
{"level":"info","message":"Starting success message validation","timestamp":"2025-07-19T22:34:04.460Z"}
{"level":"info","message":"All validations passed","timestamp":"2025-07-19T22:34:04.461Z"}
{"level":"error","message":"Form fill failed locator.click: Test timeout of 30000ms exceeded.\nCall log:\n\u001b[2m  - waiting for locator('#exampleCheck1')\u001b[22m\n\u001b[2m    - locator resolved to <input disabled type=\"checkbox\" id=\"exampleCheck1\" class=\"form-check-input\"/>\u001b[22m\n\u001b[2m  - attempting click action\u001b[22m\n\u001b[2m    2 × waiting for element to be visible, enabled and stable\u001b[22m\n\u001b[2m      - element is not enabled\u001b[22m\n\u001b[2m    - retrying click action\u001b[22m\n\u001b[2m    - waiting 20ms\u001b[22m\n\u001b[2m    2 × waiting for element to be visible, enabled and stable\u001b[22m\n\u001b[2m      - element is not enabled\u001b[22m\n\u001b[2m    - retrying click action\u001b[22m\n\u001b[2m      - waiting 100ms\u001b[22m\n\u001b[2m    44 × waiting for element to be visible, enabled and stable\u001b[22m\n\u001b[2m       - element is not enabled\u001b[22m\n\u001b[2m     - retrying click action\u001b[22m\n\u001b[2m       - waiting 500ms\u001b[22m\n\u001b[2m    - waiting for element to be visible, enabled and stable\u001b[22m\n","stack":"locator.click: Test timeout of 30000ms exceeded.\nCall log:\n\u001b[2m  - waiting for locator('#exampleCheck1')\u001b[22m\n\u001b[2m    - locator resolved to <input disabled type=\"checkbox\" id=\"exampleCheck1\" class=\"form-check-input\"/>\u001b[22m\n\u001b[2m  - attempting click action\u001b[22m\n\u001b[2m    2 × waiting for element to be visible, enabled and stable\u001b[22m\n\u001b[2m      - element is not enabled\u001b[22m\n\u001b[2m    - retrying click action\u001b[22m\n\u001b[2m    - waiting 20ms\u001b[22m\n\u001b[2m    2 × waiting for element to be visible, enabled and stable\u001b[22m\n\u001b[2m      - element is not enabled\u001b[22m\n\u001b[2m    - retrying click action\u001b[22m\n\u001b[2m      - waiting 100ms\u001b[22m\n\u001b[2m    44 × waiting for element to be visible, enabled and stable\u001b[22m\n\u001b[2m       - element is not enabled\u001b[22m\n\u001b[2m     - retrying click action\u001b[22m\n\u001b[2m       - waiting 500ms\u001b[22m\n\u001b[2m    - waiting for element to be visible, enabled and stable\u001b[22m\n\n    at SpotTheBugPage.clickOnElement (C:\\Users\\JPSS\\QA-Practice-Playwright\\QA-Practice-Playwright\\pages\\helperBase.ts:18:30)\n    at SpotTheBugPage.agreeToTerms (C:\\Users\\JPSS\\QA-Practice-Playwright\\QA-Practice-Playwright\\pages\\spotTheBugPage.ts:83:20)\n    at SpotTheBugPage.fillForm (C:\\Users\\JPSS\\QA-Practice-Playwright\\QA-Practice-Playwright\\pages\\spotTheBugPage.ts:147:20)\n    at C:\\Users\\JPSS\\QA-Practice-Playwright\\QA-Practice-Playwright\\tests\\spotTheBugPageValidationTest.spec.ts:41:17","timestamp":"2025-07-19T22:34:06.104Z"}
{"emailAddress":"abc@gmail.com","firstName":"Allen","lastName":"Doe","level":"info","message":"Starting form fill","timestamp":"2025-07-19T22:34:09.792Z"}
{"emailAddress":"abc@gmail.com","firstName":"Allen","lastName":"Doe","level":"info","message":"Starting form fill","timestamp":"2025-07-19T22:34:10.075Z"}
{"level":"info","message":"Form submission completed","timestamp":"2025-07-19T22:34:10.933Z"}
{"level":"info","message":"Starting success message validation","timestamp":"2025-07-19T22:34:10.934Z"}
{"level":"info","message":"Form submission completed","timestamp":"2025-07-19T22:34:11.405Z"}
{"level":"info","message":"Starting success message validation","timestamp":"2025-07-19T22:34:11.407Z"}
{"level":"info","message":"All validations passed","timestamp":"2025-07-19T22:34:11.408Z"}
{"emailAddress":"abc@gmail.com","firstName":"John","lastName":"Doe","level":"info","message":"Starting form fill","timestamp":"2025-07-19T22:34:13.480Z"}
{"level":"error","message":"Form fill failed locator.click: Test timeout of 30000ms exceeded.\nCall log:\n\u001b[2m  - waiting for locator('#exampleCheck1')\u001b[22m\n\u001b[2m    - locator resolved to <input disabled type=\"checkbox\" id=\"exampleCheck1\" class=\"form-check-input\"/>\u001b[22m\n\u001b[2m  - attempting click action\u001b[22m\n\u001b[2m    2 × waiting for element to be visible, enabled and stable\u001b[22m\n\u001b[2m      - element is not enabled\u001b[22m\n\u001b[2m    - retrying click action\u001b[22m\n\u001b[2m    - waiting 20ms\u001b[22m\n\u001b[2m    2 × waiting for element to be visible, enabled and stable\u001b[22m\n\u001b[2m      - element is not enabled\u001b[22m\n\u001b[2m    - retrying click action\u001b[22m\n\u001b[2m      - waiting 100ms\u001b[22m\n\u001b[2m    46 × waiting for element to be visible, enabled and stable\u001b[22m\n\u001b[2m       - element is not enabled\u001b[22m\n\u001b[2m     - retrying click action\u001b[22m\n\u001b[2m       - waiting 500ms\u001b[22m\n","stack":"locator.click: Test timeout of 30000ms exceeded.\nCall log:\n\u001b[2m  - waiting for locator('#exampleCheck1')\u001b[22m\n\u001b[2m    - locator resolved to <input disabled type=\"checkbox\" id=\"exampleCheck1\" class=\"form-check-input\"/>\u001b[22m\n\u001b[2m  - attempting click action\u001b[22m\n\u001b[2m    2 × waiting for element to be visible, enabled and stable\u001b[22m\n\u001b[2m      - element is not enabled\u001b[22m\n\u001b[2m    - retrying click action\u001b[22m\n\u001b[2m    - waiting 20ms\u001b[22m\n\u001b[2m    2 × waiting for element to be visible, enabled and stable\u001b[22m\n\u001b[2m      - element is not enabled\u001b[22m\n\u001b[2m    - retrying click action\u001b[22m\n\u001b[2m      - waiting 100ms\u001b[22m\n\u001b[2m    46 × waiting for element to be visible, enabled and stable\u001b[22m\n\u001b[2m       - element is not enabled\u001b[22m\n\u001b[2m     - retrying click action\u001b[22m\n\u001b[2m       - waiting 500ms\u001b[22m\n\n    at SpotTheBugPage.clickOnElement (C:\\Users\\JPSS\\QA-Practice-Playwright\\QA-Practice-Playwright\\pages\\helperBase.ts:18:30)\n    at SpotTheBugPage.agreeToTerms (C:\\Users\\JPSS\\QA-Practice-Playwright\\QA-Practice-Playwright\\pages\\spotTheBugPage.ts:83:20)\n    at SpotTheBugPage.fillForm (C:\\Users\\JPSS\\QA-Practice-Playwright\\QA-Practice-Playwright\\pages\\spotTheBugPage.ts:147:20)\n    at C:\\Users\\JPSS\\QA-Practice-Playwright\\QA-Practice-Playwright\\tests\\spotTheBugPageValidationTest.spec.ts:41:17","timestamp":"2025-07-19T22:34:38.712Z"}
{"emailAddress":"abc@gmail.com","firstName":"","lastName":"Doe","level":"info","message":"Starting form fill","timestamp":"2025-09-08T00:18:25.528Z"}
{"emailAddress":"abc@gmail.com","firstName":"John","lastName":"Doe","level":"info","message":"Starting form fill","timestamp":"2025-09-08T00:18:26.044Z"}
{"level":"info","message":"Form submission completed","timestamp":"2025-09-08T00:18:26.934Z"}
{"level":"info","message":"Starting success message validation","timestamp":"2025-09-08T00:18:26.936Z"}
{"level":"info","message":"All validations passed","timestamp":"2025-09-08T00:18:26.937Z"}
{"emailAddress":"abc@gmail.com","firstName":"Allen","lastName":"Doe","level":"info","message":"Starting form fill","timestamp":"2025-09-08T00:18:31.289Z"}
{"emailAddress":"abc@gmail.com","firstName":"Allen","lastName":"Doe","level":"info","message":"Starting form fill","timestamp":"2025-09-08T00:18:31.940Z"}
{"level":"info","message":"Form submission completed","timestamp":"2025-09-08T00:18:32.604Z"}
{"level":"info","message":"Starting success message validation","timestamp":"2025-09-08T00:18:32.606Z"}
{"level":"info","message":"Form submission completed","timestamp":"2025-09-08T00:18:33.402Z"}
{"level":"info","message":"Starting success message validation","timestamp":"2025-09-08T00:18:33.404Z"}
{"level":"info","message":"All validations passed","timestamp":"2025-09-08T00:18:33.405Z"}
{"level":"error","message":"Form fill failed locator.click: Test timeout of 30000ms exceeded.\nCall log:\n\u001b[2m  - waiting for locator('#exampleCheck1')\u001b[22m\n\u001b[2m    - locator resolved to <input disabled type=\"checkbox\" id=\"exampleCheck1\" class=\"form-check-input\"/>\u001b[22m\n\u001b[2m  - attempting click action\u001b[22m\n\u001b[2m    2 × waiting for element to be visible, enabled and stable\u001b[22m\n\u001b[2m      - element is not enabled\u001b[22m\n\u001b[2m    - retrying click action\u001b[22m\n\u001b[2m    - waiting 20ms\u001b[22m\n\u001b[2m    2 × waiting for element to be visible, enabled and stable\u001b[22m\n\u001b[2m      - element is not enabled\u001b[22m\n\u001b[2m    - retrying click action\u001b[22m\n\u001b[2m      - waiting 100ms\u001b[22m\n\u001b[2m    38 × waiting for element to be visible, enabled and stable\u001b[22m\n\u001b[2m       - element is not enabled\u001b[22m\n\u001b[2m     - retrying click action\u001b[22m\n\u001b[2m       - waiting 500ms\u001b[22m\n\u001b[2m    - waiting for element to be visible, enabled and stable\u001b[22m\n","stack":"locator.click: Test timeout of 30000ms exceeded.\nCall log:\n\u001b[2m  - waiting for locator('#exampleCheck1')\u001b[22m\n\u001b[2m    - locator resolved to <input disabled type=\"checkbox\" id=\"exampleCheck1\" class=\"form-check-input\"/>\u001b[22m\n\u001b[2m  - attempting click action\u001b[22m\n\u001b[2m    2 × waiting for element to be visible, enabled and stable\u001b[22m\n\u001b[2m      - element is not enabled\u001b[22m\n\u001b[2m    - retrying click action\u001b[22m\n\u001b[2m    - waiting 20ms\u001b[22m\n\u001b[2m    2 × waiting for element to be visible, enabled and stable\u001b[22m\n\u001b[2m      - element is not enabled\u001b[22m\n\u001b[2m    - retrying click action\u001b[22m\n\u001b[2m      - waiting 100ms\u001b[22m\n\u001b[2m    38 × waiting for element to be visible, enabled and stable\u001b[22m\n\u001b[2m       - element is not enabled\u001b[22m\n\u001b[2m     - retrying click action\u001b[22m\n\u001b[2m       - waiting 500ms\u001b[22m\n\u001b[2m    - waiting for element to be visible, enabled and stable\u001b[22m\n\n    at SpotTheBugPage.clickOnElement (C:\\Users\\JPSS\\QA-Practice-Playwright\\QA-Practice-Playwright\\pages\\helperBase.ts:18:30)\n    at SpotTheBugPage.agreeToTerms (C:\\Users\\JPSS\\QA-Practice-Playwright\\QA-Practice-Playwright\\pages\\spotTheBugPage.ts:83:20)\n    at SpotTheBugPage.fillForm (C:\\Users\\JPSS\\QA-Practice-Playwright\\QA-Practice-Playwright\\pages\\spotTheBugPage.ts:147:20)\n    at C:\\Users\\JPSS\\QA-Practice-Playwright\\QA-Practice-Playwright\\tests\\spotTheBugPageValidationTest.spec.ts:41:17","timestamp":"2025-09-08T00:18:49.061Z"}
{"emailAddress":"abc@gmail.com","firstName":"John","lastName":"Doe","level":"info","message":"Starting form fill","timestamp":"2025-09-08T00:20:03.965Z"}
{"level":"error","message":"Form fill failed locator.fill: Target page, context or browser has been closed","stack":"locator.fill: Target page, context or browser has been closed\n    at SpotTheBugPage.enterTextInField (C:\\Users\\JPSS\\QA-Practice-Playwright\\QA-Practice-Playwright\\pages\\helperBase.ts:29:23)\n    at SpotTheBugPage.enterFirstName (C:\\Users\\JPSS\\QA-Practice-Playwright\\QA-Practice-Playwright\\pages\\spotTheBugPage.ts:52:9)\n    at SpotTheBugPage.fillForm (C:\\Users\\JPSS\\QA-Practice-Playwright\\QA-Practice-Playwright\\pages\\spotTheBugPage.ts:129:9)\n    at C:\\Users\\JPSS\\QA-Practice-Playwright\\QA-Practice-Playwright\\tests\\spotTheBugPageValidationTest.spec.ts:41:17","timestamp":"2025-09-08T00:20:04.864Z"}
{"emailAddress":"abc@gmail.com","firstName":"Allen","lastName":"Doe","level":"info","message":"Starting form fill","timestamp":"2025-09-08T00:20:22.705Z"}
{"level":"info","message":"Form submission completed","timestamp":"2025-09-08T00:20:23.862Z"}
{"level":"info","message":"Starting success message validation","timestamp":"2025-09-08T00:20:23.863Z"}
{"emailAddress":"abc@gmail.com","firstName":"Allen","lastName":"Doe","level":"info","message":"Starting form fill","timestamp":"2025-09-08T00:20:31.854Z"}
{"level":"info","message":"Form submission completed","timestamp":"2025-09-08T00:20:32.894Z"}
{"level":"info","message":"Starting success message validation","timestamp":"2025-09-08T00:20:32.897Z"}
{"level":"info","message":"All validations passed","timestamp":"2025-09-08T00:20:32.900Z"}
{"emailAddress":"abc@gmail.com","firstName":"","lastName":"Doe","level":"info","message":"Starting form fill","timestamp":"2025-09-08T00:41:17.604Z"}
{"emailAddress":"abc@gmail.com","firstName":"John","lastName":"Doe","level":"info","message":"Starting form fill","timestamp":"2025-09-08T00:41:18.836Z"}
{"level":"info","message":"Form submission completed","timestamp":"2025-09-08T00:41:19.981Z"}
{"level":"info","message":"Starting success message validation","timestamp":"2025-09-08T00:41:19.983Z"}
{"level":"info","message":"All validations passed","timestamp":"2025-09-08T00:41:19.985Z"}
{"emailAddress":"abc@gmail.com","firstName":"Allen","lastName":"Doe","level":"info","message":"Starting form fill","timestamp":"2025-09-08T00:41:26.133Z"}
{"level":"info","message":"Form submission completed","timestamp":"2025-09-08T00:41:28.070Z"}
{"level":"info","message":"Starting success message validation","timestamp":"2025-09-08T00:41:28.072Z"}
{"emailAddress":"abc@gmail.com","firstName":"Allen","lastName":"Doe","level":"info","message":"Starting form fill","timestamp":"2025-09-08T00:41:28.972Z"}
{"level":"info","message":"Form submission completed","timestamp":"2025-09-08T00:41:30.045Z"}
{"level":"info","message":"Starting success message validation","timestamp":"2025-09-08T00:41:30.046Z"}
{"level":"info","message":"All validations passed","timestamp":"2025-09-08T00:41:30.050Z"}
{"level":"error","message":"Form fill failed locator.click: Test timeout of 30000ms exceeded.\nCall log:\n\u001b[2m  - waiting for locator('#exampleCheck1')\u001b[22m\n\u001b[2m    - locator resolved to <input disabled type=\"checkbox\" id=\"exampleCheck1\" class=\"form-check-input\"/>\u001b[22m\n\u001b[2m  - attempting click action\u001b[22m\n\u001b[2m    2 × waiting for element to be visible, enabled and stable\u001b[22m\n\u001b[2m      - element is not enabled\u001b[22m\n\u001b[2m    - retrying click action\u001b[22m\n\u001b[2m    - waiting 20ms\u001b[22m\n\u001b[2m    2 × waiting for element to be visible, enabled and stable\u001b[22m\n\u001b[2m      - element is not enabled\u001b[22m\n\u001b[2m    - retrying click action\u001b[22m\n\u001b[2m      - waiting 100ms\u001b[22m\n\u001b[2m    39 × waiting for element to be visible, enabled and stable\u001b[22m\n\u001b[2m       - element is not enabled\u001b[22m\n\u001b[2m     - retrying click action\u001b[22m\n\u001b[2m       - waiting 500ms\u001b[22m\n","stack":"locator.click: Test timeout of 30000ms exceeded.\nCall log:\n\u001b[2m  - waiting for locator('#exampleCheck1')\u001b[22m\n\u001b[2m    - locator resolved to <input disabled type=\"checkbox\" id=\"exampleCheck1\" class=\"form-check-input\"/>\u001b[22m\n\u001b[2m  - attempting click action\u001b[22m\n\u001b[2m    2 × waiting for element to be visible, enabled and stable\u001b[22m\n\u001b[2m      - element is not enabled\u001b[22m\n\u001b[2m    - retrying click action\u001b[22m\n\u001b[2m    - waiting 20ms\u001b[22m\n\u001b[2m    2 × waiting for element to be visible, enabled and stable\u001b[22m\n\u001b[2m      - element is not enabled\u001b[22m\n\u001b[2m    - retrying click action\u001b[22m\n\u001b[2m      - waiting 100ms\u001b[22m\n\u001b[2m    39 × waiting for element to be visible, enabled and stable\u001b[22m\n\u001b[2m       - element is not enabled\u001b[22m\n\u001b[2m     - retrying click action\u001b[22m\n\u001b[2m       - waiting 500ms\u001b[22m\n\n    at SpotTheBugPage.clickOnElement (C:\\Users\\JPSS\\QA-Practice-Playwright\\QA-Practice-Playwright\\pages\\helperBase.ts:21:30)\n    at SpotTheBugPage.agreeToTerms (C:\\Users\\JPSS\\QA-Practice-Playwright\\QA-Practice-Playwright\\pages\\spotTheBugPage.ts:83:20)\n    at SpotTheBugPage.fillForm (C:\\Users\\JPSS\\QA-Practice-Playwright\\QA-Practice-Playwright\\pages\\spotTheBugPage.ts:147:20)\n    at C:\\Users\\JPSS\\QA-Practice-Playwright\\QA-Practice-Playwright\\tests\\spotTheBugPageValidationTest.spec.ts:41:17","timestamp":"2025-09-08T00:41:41.860Z"}
